#
# There is insufficient memory for the Java Runtime Environment to continue.
# Native memory allocation (malloc) failed to allocate 262160 bytes for Chunk::new
# Possible reasons:
#   The system is out of physical RAM or swap space
#   In 32 bit mode, the process size limit was hit
# Possible solutions:
#   Reduce memory load on the system
#   Increase physical memory or swap space
#   Check if swap backing store is full
#   Use 64 bit Java on a 64 bit OS
#   Decrease Java heap size (-Xmx/-Xms)
#   Decrease number of Java threads
#   Decrease Java thread stack sizes (-Xss)
#   Set larger code cache with -XX:ReservedCodeCacheSize=
# This output file may be truncated or incomplete.
#
#  Out of Memory Error (allocation.cpp:390), pid=3056, tid=2536
#
# JRE version: Java(TM) SE Runtime Environment (8.0_65-b17) (build 1.8.0_65-b17)
# Java VM: Java HotSpot(TM) 64-Bit Server VM (25.65-b01 mixed mode windows-amd64 compressed oops)
# Failed to write core dump. Minidumps are not enabled by default on client versions of Windows
#

---------------  T H R E A D  ---------------

Current thread (0x0000000014aac000):  JavaThread "C2 CompilerThread0" daemon [_thread_in_native, id=2536, stack(0x00000000160a0000,0x00000000161a0000)]

Stack: [0x00000000160a0000,0x00000000161a0000]
[error occurred during error reporting (printing stack bounds), id 0xc0000005]

Native frames: (J=compiled Java code, j=interpreted, Vv=VM code, C=native code)


Current CompileTask:
C2:   3389  707       4       com.android.dx.ssa.NormalSsaInsn::accept (25 bytes)


---------------  P R O C E S S  ---------------

Java Threads: ( => current thread )
  0x000000001640f000 JavaThread "pool-2-thread-4" [_thread_in_Java, id=7580, stack(0x0000000016da0000,0x0000000016ea0000)]
  0x000000001640e000 JavaThread "pool-2-thread-3" [_thread_in_Java, id=13996, stack(0x0000000016ca0000,0x0000000016da0000)]
  0x000000001640d000 JavaThread "pool-2-thread-2" [_thread_blocked, id=13648, stack(0x0000000016ba0000,0x0000000016ca0000)]
  0x0000000016406800 JavaThread "pool-3-thread-1" [_thread_blocked, id=11752, stack(0x0000000016aa0000,0x0000000016ba0000)]
  0x0000000016400000 JavaThread "pool-2-thread-1" [_thread_in_Java, id=6748, stack(0x00000000169a0000,0x0000000016aa0000)]
  0x00000000161f3000 JavaThread "Service Thread" daemon [_thread_blocked, id=14848, stack(0x00000000167a0000,0x00000000168a0000)]
  0x00000000161ed000 JavaThread "C1 CompilerThread2" daemon [_thread_blocked, id=14104, stack(0x00000000166a0000,0x00000000167a0000)]
  0x0000000014abc800 JavaThread "C2 CompilerThread1" daemon [_thread_in_vm, id=9732, stack(0x00000000165a0000,0x00000000166a0000)]
=>0x0000000014aac000 JavaThread "C2 CompilerThread0" daemon [_thread_in_native, id=2536, stack(0x00000000160a0000,0x00000000161a0000)]
  0x0000000014aa9800 JavaThread "Attach Listener" daemon [_thread_blocked, id=8948, stack(0x0000000015fa0000,0x00000000160a0000)]
  0x0000000014aa8800 JavaThread "Signal Dispatcher" daemon [_thread_blocked, id=6024, stack(0x0000000015ea0000,0x0000000015fa0000)]
  0x0000000002387000 JavaThread "Finalizer" daemon [_thread_blocked, id=1944, stack(0x0000000015cc0000,0x0000000015dc0000)]
  0x000000000237e000 JavaThread "Reference Handler" daemon [_thread_blocked, id=14052, stack(0x0000000015bc0000,0x0000000015cc0000)]
  0x000000000217e000 JavaThread "main" [_thread_in_Java, id=5968, stack(0x0000000002190000,0x0000000002290000)]

Other Threads:
  0x0000000014a28000 VMThread [stack: 0x0000000015ac0000,0x0000000015bc0000] [id=1448]
  0x000000001623b000 WatcherThread [stack: 0x00000000168a0000,0x00000000169a0000] [id=10908]

VM state:not at safepoint (normal execution)

VM Mutex/Monitor currently owned by a thread: None

Heap:
 PSYoungGen      total 71680K, used 60016K [0x00000000eab00000, 0x00000000ef600000, 0x0000000100000000)
  eden space 66560K, 82% used [0x00000000eab00000,0x00000000ee0a1808,0x00000000eec00000)
  from space 5120K, 99% used [0x00000000ef100000,0x00000000ef5faad8,0x00000000ef600000)
  to   space 5120K, 0% used [0x00000000eec00000,0x00000000eec00000,0x00000000ef100000)
 ParOldGen       total 87552K, used 4743K [0x00000000c0000000, 0x00000000c5580000, 0x00000000eab00000)
  object space 87552K, 5% used [0x00000000c0000000,0x00000000c04a1e20,0x00000000c5580000)
 Metaspace       used 6183K, capacity 7026K, committed 7296K, reserved 1056768K
  class space    used 603K, capacity 618K, committed 640K, reserved 1048576K

Card table byte_map: [0x0000000011750000,0x0000000011960000] byte_map_base: 0x0000000011150000

Marking Bits: (ParMarkBitMap*) 0x000000005ba1a5b0
 Begin Bits: [0x0000000011ec0000, 0x0000000012ec0000)
 End Bits:   [0x0000000012ec0000, 0x0000000013ec0000)

Polling page: 0x0000000000910000

CodeCache: size=245760Kb used=2852Kb max_used=2868Kb free=242907Kb
 bounds [0x0000000002390000, 0x0000000002670000, 0x0000000011390000]
 total_blobs=966 nmethods=696 adapters=182
 compilation: enabled

Compilation events (10 events):
Event: 3.374 Thread 0x0000000014abc800 nmethod 716 0x000000000265f210 code [0x000000000265f360, 0x000000000265f478]
Event: 3.374 Thread 0x0000000014abc800  717       4       com.android.dx.ssa.SsaConverter::nodeNeedsUniquePredecessor (32 bytes)
Event: 3.377 Thread 0x0000000014abc800 nmethod 717 0x000000000249b610 code [0x000000000249b760, 0x000000000249b898]
Event: 3.377 Thread 0x0000000014abc800  711       4       com.android.dx.cf.code.OneLocalsArray::getOrNull (7 bytes)
Event: 3.378 Thread 0x0000000014abc800 nmethod 711 0x00000000025e9590 code [0x00000000025e96c0, 0x00000000025e9758]
Event: 3.378 Thread 0x0000000014abc800  712       4       com.android.dx.cf.code.ExecutionStack::peek (42 bytes)
Event: 3.379 Thread 0x0000000014abc800 nmethod 712 0x00000000024d1ad0 code [0x00000000024d1c20, 0x00000000024d1cf8]
Event: 3.379 Thread 0x0000000014abc800  714       4       com.android.dx.cf.code.Frame::setImmutable (15 bytes)
Event: 3.380 Thread 0x0000000014abc800 nmethod 714 0x00000000024d17d0 code [0x00000000024d1920, 0x00000000024d19d8]
Event: 3.380 Thread 0x0000000014abc800  709       4       com.android.dx.cf.code.Simulator$SimVisitor::visitLocal (329 bytes)

GC Heap History (4 events):
Event: 1.467 GC heap before
{Heap before GC invocations=1 (full 0):
 PSYoungGen      total 38400K, used 33280K [0x00000000eab00000, 0x00000000ed580000, 0x0000000100000000)
  eden space 33280K, 100% used [0x00000000eab00000,0x00000000ecb80000,0x00000000ecb80000)
  from space 5120K, 0% used [0x00000000ed080000,0x00000000ed080000,0x00000000ed580000)
  to   space 5120K, 0% used [0x00000000ecb80000,0x00000000ecb80000,0x00000000ed080000)
 ParOldGen       total 87552K, used 0K [0x00000000c0000000, 0x00000000c5580000, 0x00000000eab00000)
  object space 87552K, 0% used [0x00000000c0000000,0x00000000c0000000,0x00000000c5580000)
 Metaspace       used 5849K, capacity 6770K, committed 7040K, reserved 1056768K
  class space    used 597K, capacity 618K, committed 640K, reserved 1048576K
Event: 1.499 GC heap after
Heap after GC invocations=1 (full 0):
 PSYoungGen      total 38400K, used 5109K [0x00000000eab00000, 0x00000000ef600000, 0x0000000100000000)
  eden space 33280K, 0% used [0x00000000eab00000,0x00000000eab00000,0x00000000ecb80000)
  from space 5120K, 99% used [0x00000000ecb80000,0x00000000ed07d6c8,0x00000000ed080000)
  to   space 5120K, 0% used [0x00000000ef100000,0x00000000ef100000,0x00000000ef600000)
 ParOldGen       total 87552K, used 890K [0x00000000c0000000, 0x00000000c5580000, 0x00000000eab00000)
  object space 87552K, 1% used [0x00000000c0000000,0x00000000c00deab0,0x00000000c5580000)
 Metaspace       used 5849K, capacity 6770K, committed 7040K, reserved 1056768K
  class space    used 597K, capacity 618K, committed 640K, reserved 1048576K
}
Event: 2.005 GC heap before
{Heap before GC invocations=2 (full 0):
 PSYoungGen      total 38400K, used 38389K [0x00000000eab00000, 0x00000000ef600000, 0x0000000100000000)
  eden space 33280K, 100% used [0x00000000eab00000,0x00000000ecb80000,0x00000000ecb80000)
  from space 5120K, 99% used [0x00000000ecb80000,0x00000000ed07d6c8,0x00000000ed080000)
  to   space 5120K, 0% used [0x00000000ef100000,0x00000000ef100000,0x00000000ef600000)
 ParOldGen       total 87552K, used 890K [0x00000000c0000000, 0x00000000c5580000, 0x00000000eab00000)
  object space 87552K, 1% used [0x00000000c0000000,0x00000000c00deab0,0x00000000c5580000)
 Metaspace       used 6117K, capacity 6962K, committed 7040K, reserved 1056768K
  class space    used 602K, capacity 618K, committed 640K, reserved 1048576K
Event: 2.018 GC heap after
Heap after GC invocations=2 (full 0):
 PSYoungGen      total 71680K, used 5098K [0x00000000eab00000, 0x00000000ef600000, 0x0000000100000000)
  eden space 66560K, 0% used [0x00000000eab00000,0x00000000eab00000,0x00000000eec00000)
  from space 5120K, 99% used [0x00000000ef100000,0x00000000ef5faad8,0x00000000ef600000)
  to   space 5120K, 0% used [0x00000000eec00000,0x00000000eec00000,0x00000000ef100000)
 ParOldGen       total 87552K, used 4743K [0x00000000c0000000, 0x00000000c5580000, 0x00000000eab00000)
  object space 87552K, 5% used [0x00000000c0000000,0x00000000c04a1e20,0x00000000c5580000)
 Metaspace       used 6117K, capacity 6962K, committed 7040K, reserved 1056768K
  class space    used 602K, capacity 618K, committed 640K, reserved 1048576K
}

Deoptimization events (7 events):
Event: 0.430 Thread 0x000000000217e000 Uncommon trap: reason=unstable_if action=reinterpret pc=0x00000000024ea954 method=java.lang.String.compareTo(Ljava/lang/String;)I @ 38
Event: 0.940 Thread 0x0000000016400000 Uncommon trap: reason=unstable_if action=reinterpret pc=0x00000000025bb7f0 method=java.util.BitSet.nextSetBit(I)I @ 87
Event: 1.202 Thread 0x000000001640e000 Uncommon trap: reason=unstable_if action=reinterpret pc=0x00000000025b8554 method=java.util.HashMap.getNode(ILjava/lang/Object;)Ljava/util/HashMap$Node; @ 129
Event: 1.205 Thread 0x000000001640e000 Uncommon trap: reason=class_check action=maybe_recompile pc=0x00000000025cf670 method=com.android.dx.ssa.NormalSsaInsn.accept(Lcom/android/dx/ssa/SsaInsn$Visitor;)V @ 9
Event: 1.205 Thread 0x000000001640d000 Uncommon trap: reason=class_check action=maybe_recompile pc=0x00000000025cf670 method=com.android.dx.ssa.NormalSsaInsn.accept(Lcom/android/dx/ssa/SsaInsn$Visitor;)V @ 9
Event: 1.205 Thread 0x000000001640d000 Uncommon trap: reason=class_check action=maybe_recompile pc=0x00000000025cf670 method=com.android.dx.ssa.NormalSsaInsn.accept(Lcom/android/dx/ssa/SsaInsn$Visitor;)V @ 9
Event: 1.205 Thread 0x000000001640d000 Uncommon trap: reason=class_check action=maybe_recompile pc=0x00000000025cf670 method=com.android.dx.ssa.NormalSsaInsn.accept(Lcom/android/dx/ssa/SsaInsn$Visitor;)V @ 9

Internal exceptions (2 events):
Event: 0.046 Thread 0x000000000217e000 Exception <a 'java/lang/NoSuchMethodError': Method sun.misc.Unsafe.defineClass(Ljava/lang/String;[BII)Ljava/lang/Class; name or signature does not match> (0x00000000eab13080) thrown at [C:\workspace\8-2-build-windows-amd64-cygwin\jdk8u65\4987\hotspot\src\ss&РЇоз?
Event: 0.046 Thread 0x000000000217e000 Exception <a 'java/lang/NoSuchMethodError': Method sun.misc.Unsafe.prefetchRead(Ljava/lang/Object;J)V name or signature does not match> (0x00000000eab13368) thrown at [C:\workspace\8-2-build-windows-amd64-cygwin\jdk8u65\4987\hotspot\src\share\vm\prims\jni.

Events (10 events):
Event: 3.301 Thread 0x00000000161ed000 flushing nmethod 0x00000000024d0d90
Event: 3.301 Thread 0x00000000161ed000 flushing nmethod 0x00000000024d1650
Event: 3.301 Thread 0x00000000161ed000 flushing nmethod 0x00000000024d2690
Event: 3.301 Thread 0x00000000161ed000 flushing nmethod 0x00000000024d3550
Event: 3.301 Thread 0x00000000161ed000 flushing nmethod 0x00000000024d4910
Event: 3.301 Thread 0x00000000161ed000 flushing nmethod 0x00000000024d52d0
Event: 3.301 Thread 0x00000000161ed000 flushing nmethod 0x00000000024d59d0
Event: 3.301 Thread 0x00000000161ed000 flushing nmethod 0x00000000024d6690
Event: 3.301 Thread 0x00000000161ed000 flushing nmethod 0x00000000024db690
Event: 3.301 Thread 0x00000000161ed000 flushing nmethod 0x00000000024ea6d0


Dynamic libraries:
0x00007ff7548c0000 - 0x00007ff7548f7000 	C:\Program Files\Java\jdk1.8.0_65\bin\java.exe
0x00007ffdc0440000 - 0x00007ffdc0601000 	C:\WINDOWS\SYSTEM32\ntdll.dll
0x00007ffdbf120000 - 0x00007ffdbf1cd000 	C:\WINDOWS\system32\KERNEL32.DLL
0x00007ffdbcb70000 - 0x00007ffdbcd58000 	C:\WINDOWS\system32\KERNELBASE.dll
0x00007ffdbd9a0000 - 0x00007ffdbda47000 	C:\WINDOWS\system32\ADVAPI32.dll
0x00007ffdbd8f0000 - 0x00007ffdbd98d000 	C:\WINDOWS\system32\msvcrt.dll
0x00007ffdbd840000 - 0x00007ffdbd89b000 	C:\WINDOWS\system32\sechost.dll
0x00007ffdbf600000 - 0x00007ffdbf71c000 	C:\WINDOWS\system32\RPCRT4.dll
0x00007ffdc02e0000 - 0x00007ffdc0436000 	C:\WINDOWS\system32\USER32.dll
0x00007ffdc0040000 - 0x00007ffdc01c6000 	C:\WINDOWS\system32\GDI32.dll
0x00007ffdb45b0000 - 0x00007ffdb4824000 	C:\WINDOWS\WinSxS\amd64_microsoft.windows.common-controls_6595b64144ccf1df_6.0.10586.0_none_8c15ae12515e1c22\COMCTL32.dll
0x00007ffdbf380000 - 0x00007ffdbf5fd000 	C:\WINDOWS\system32\combase.dll
0x00007ffdbd740000 - 0x00007ffdbd7aa000 	C:\WINDOWS\system32\bcryptPrimitives.dll
0x00007ffdbd8b0000 - 0x00007ffdbd8eb000 	C:\WINDOWS\system32\IMM32.DLL
0x000000005af90000 - 0x000000005b062000 	C:\Program Files\Java\jdk1.8.0_65\jre\bin\msvcr100.dll
0x000000005b210000 - 0x000000005ba99000 	C:\Program Files\Java\jdk1.8.0_65\jre\bin\server\jvm.dll
0x00007ffdbd990000 - 0x00007ffdbd998000 	C:\WINDOWS\system32\PSAPI.DLL
0x00007ffda4e70000 - 0x00007ffda4e79000 	C:\WINDOWS\SYSTEM32\WSOCK32.dll
0x00007ffdbaaf0000 - 0x00007ffdbab13000 	C:\WINDOWS\SYSTEM32\WINMM.dll
0x00007ffdb1470000 - 0x00007ffdb147a000 	C:\WINDOWS\SYSTEM32\VERSION.dll
0x00007ffdbf050000 - 0x00007ffdbf0bb000 	C:\WINDOWS\system32\WS2_32.dll
0x00007ffdbaa90000 - 0x00007ffdbaabc000 	C:\WINDOWS\SYSTEM32\WINMMBASE.dll
0x00007ffdbd630000 - 0x00007ffdbd673000 	C:\WINDOWS\system32\cfgmgr32.dll
0x000000005c790000 - 0x000000005c79f000 	C:\Program Files\Java\jdk1.8.0_65\jre\bin\verify.dll
0x000000005c760000 - 0x000000005c789000 	C:\Program Files\Java\jdk1.8.0_65\jre\bin\java.dll
0x000000005c740000 - 0x000000005c756000 	C:\Program Files\Java\jdk1.8.0_65\jre\bin\zip.dll
0x00007ffdbda50000 - 0x00007ffdbefac000 	C:\WINDOWS\system32\SHELL32.dll
0x00007ffdbcf30000 - 0x00007ffdbd575000 	C:\WINDOWS\system32\windows.storage.dll
0x00007ffdbfed0000 - 0x00007ffdbff22000 	C:\WINDOWS\system32\shlwapi.dll
0x00007ffdbcae0000 - 0x00007ffdbcaef000 	C:\WINDOWS\system32\kernel.appcore.dll
0x00007ffdbd680000 - 0x00007ffdbd735000 	C:\WINDOWS\system32\shcore.dll
0x00007ffdbca80000 - 0x00007ffdbcacb000 	C:\WINDOWS\system32\powrprof.dll
0x00007ffdbca60000 - 0x00007ffdbca74000 	C:\WINDOWS\system32\profapi.dll

VM Arguments:
jvm_args: -Djava.awt.headless=true -Xmx1024M -Dfile.encoding=windows-1255 -Duser.country=US -Duser.language=en -Duser.variant 
java_command: com.android.dx.command.Main --dex --force-jumbo --num-threads=4 --multi-dex --output C:\Users\Dudu\AndroidStudioProjects\StudentsApp2\app\build\intermediates\transforms\dex\debug\folders\1000\10\internal_impl-23.2.0_f65c66e3ebc5bb928a7b9b361f225236e5a2cab1 C:\Users\Dudu\AndroidStudioProjects\StudentsApp2\app\build\intermediates\exploded-aar\com.android.support\support-v4\23.2.0\jars\libs\internal_impl-23.2.0.jar
java_class_path (initial): C:\Users\Dudu\AppData\Local\Android\sdk\build-tools\23.0.2\lib\dx.jar
Launcher Type: SUN_STANDARD

Environment Variables:
USERNAME=Dudu
OS=Windows_NT
PROCESSOR_IDENTIFIER=Intel64 Family 6 Model 69 Stepping 1, GenuineIntel



---------------  S Y S T E M  ---------------

OS: Windows 10.0 , 64 bit Build 10586 (10.0.10586.0)

CPU:total 4 (2 cores per cpu, 2 threads per core) family 6 model 69 stepping 1, cmov, cx8, fxsr, mmx, sse, sse2, sse3, ssse3, sse4.1, sse4.2, popcnt, avx, avx2, aes, clmul, erms, lzcnt, ht, tsc, tscinvbit, bmi1, bmi2

Memory: 4k page, physical 8290400k(1723864k free), swap 8290400k(5128k free)

vm_info: Java HotSpot(TM) 64-Bit Server VM (25.65-b01) for windows-amd64 JRE (1.8.0_65-b17), built on Oct  6 2015 16:39:20 by "java_re" with MS VC++ 10.0 (VS2010)

time: Wed Apr 13 19:46:50 2016
elapsed time: 3 seconds (0d 0h 0m 3s)

