#
# There is insufficient memory for the Java Runtime Environment to continue.
# Native memory allocation (malloc) failed to allocate 1051056 bytes for Chunk::new
# Possible reasons:
#   The system is out of physical RAM or swap space
#   In 32 bit mode, the process size limit was hit
# Possible solutions:
#   Reduce memory load on the system
#   Increase physical memory or swap space
#   Check if swap backing store is full
#   Use 64 bit Java on a 64 bit OS
#   Decrease Java heap size (-Xmx/-Xms)
#   Decrease number of Java threads
#   Decrease Java thread stack sizes (-Xss)
#   Set larger code cache with -XX:ReservedCodeCacheSize=
# This output file may be truncated or incomplete.
#
#  Out of Memory Error (allocation.cpp:390), pid=8400, tid=9500
#
# JRE version: Java(TM) SE Runtime Environment (8.0_65-b17) (build 1.8.0_65-b17)
# Java VM: Java HotSpot(TM) 64-Bit Server VM (25.65-b01 mixed mode windows-amd64 compressed oops)
# Failed to write core dump. Minidumps are not enabled by default on client versions of Windows
#

---------------  T H R E A D  ---------------

Current thread (0x0000000014a69800):  JavaThread "C2 CompilerThread1" daemon [_thread_in_native, id=9500, stack(0x00000000160f0000,0x00000000161f0000)]

Stack: [0x00000000160f0000,0x00000000161f0000]
[error occurred during error reporting (printing stack bounds), id 0xc0000005]

Native frames: (J=compiled Java code, j=interpreted, Vv=VM code, C=native code)


Current CompileTask:
C2:   8795 1727   !   4       com.android.dx.cf.code.RopperMachine::run (1550 bytes)


---------------  P R O C E S S  ---------------

Java Threads: ( => current thread )
  0x00000000164e8800 JavaThread "pool-2-thread-4" [_thread_in_Java, id=12748, stack(0x0000000016cf0000,0x0000000016df0000)]
  0x000000001648c800 JavaThread "pool-2-thread-3" [_thread_in_Java, id=13932, stack(0x0000000016bf0000,0x0000000016cf0000)]
  0x000000001648c000 JavaThread "pool-2-thread-2" [_thread_in_Java, id=7828, stack(0x0000000016af0000,0x0000000016bf0000)]
  0x000000001645a800 JavaThread "pool-3-thread-1" [_thread_blocked, id=14140, stack(0x00000000169f0000,0x0000000016af0000)]
  0x0000000016430000 JavaThread "pool-2-thread-1" [_thread_in_vm, id=14744, stack(0x00000000168f0000,0x00000000169f0000)]
  0x000000001624e800 JavaThread "Service Thread" daemon [_thread_blocked, id=4488, stack(0x00000000166f0000,0x00000000167f0000)]
  0x000000001624b800 JavaThread "C1 CompilerThread2" daemon [_thread_blocked, id=8944, stack(0x00000000165f0000,0x00000000166f0000)]
=>0x0000000014a69800 JavaThread "C2 CompilerThread1" daemon [_thread_in_native, id=9500, stack(0x00000000160f0000,0x00000000161f0000)]
  0x0000000014a66000 JavaThread "C2 CompilerThread0" daemon [_thread_in_vm, id=3696, stack(0x0000000015ff0000,0x00000000160f0000)]
  0x0000000014a64000 JavaThread "Attach Listener" daemon [_thread_blocked, id=14164, stack(0x0000000015ef0000,0x0000000015ff0000)]
  0x0000000014a58000 JavaThread "Signal Dispatcher" daemon [_thread_blocked, id=14748, stack(0x0000000015df0000,0x0000000015ef0000)]
  0x0000000002381800 JavaThread "Finalizer" daemon [_thread_blocked, id=8516, stack(0x0000000015cf0000,0x0000000015df0000)]
  0x000000000237e000 JavaThread "Reference Handler" daemon [_thread_blocked, id=9140, stack(0x0000000015bf0000,0x0000000015cf0000)]
  0x00000000020be000 JavaThread "main" [_thread_in_Java, id=3472, stack(0x0000000001f90000,0x0000000002090000)]

Other Threads:
  0x0000000014a28000 VMThread [stack: 0x0000000015af0000,0x0000000015bf0000] [id=7808]
  0x000000001625d000 WatcherThread [stack: 0x00000000167f0000,0x00000000168f0000] [id=13060]

VM state:not at safepoint (normal execution)

VM Mutex/Monitor currently owned by a thread: None

Heap:
 PSYoungGen      total 38400K, used 30652K [0x00000000eab00000, 0x00000000ef600000, 0x0000000100000000)
  eden space 33280K, 76% used [0x00000000eab00000,0x00000000ec3f4918,0x00000000ecb80000)
  from space 5120K, 99% used [0x00000000ecb80000,0x00000000ed07a728,0x00000000ed080000)
  to   space 5120K, 0% used [0x00000000ef100000,0x00000000ef100000,0x00000000ef600000)
 ParOldGen       total 87552K, used 10160K [0x00000000c0000000, 0x00000000c5580000, 0x00000000eab00000)
  object space 87552K, 11% used [0x00000000c0000000,0x00000000c09ec120,0x00000000c5580000)
 Metaspace       used 6345K, capacity 7154K, committed 7296K, reserved 1056768K
  class space    used 605K, capacity 618K, committed 640K, reserved 1048576K

Card table byte_map: [0x0000000011750000,0x0000000011960000] byte_map_base: 0x0000000011150000

Marking Bits: (ParMarkBitMap*) 0x000000005ba1a5b0
 Begin Bits: [0x0000000011ec0000, 0x0000000012ec0000)
 End Bits:   [0x0000000012ec0000, 0x0000000013ec0000)

Polling page: 0x0000000000510000

CodeCache: size=245760Kb used=7954Kb max_used=7954Kb free=237805Kb
 bounds [0x0000000002390000, 0x0000000002b60000, 0x0000000011390000]
 total_blobs=2074 nmethods=1803 adapters=182
 compilation: enabled

Compilation events (10 events):
Event: 8.725 Thread 0x000000001624b800 1826       2       java.util.ArrayDeque::add (7 bytes)
Event: 8.726 Thread 0x000000001624b800 nmethod 1826 0x0000000002b4b150 code [0x0000000002b4b2c0, 0x0000000002b4b428]
Event: 8.726 Thread 0x0000000014a66000 nmethod 1808 0x0000000002b49590 code [0x0000000002b49720, 0x0000000002b49c98]
Event: 8.726 Thread 0x0000000014a66000 1768       4       com.android.dx.cf.code.RopperMachine::getSources (264 bytes)
Event: 8.738 Thread 0x000000001624b800 1828   !   2       java.util.zip.ZipFile::releaseInflater (41 bytes)
Event: 8.738 Thread 0x000000001624b800 nmethod 1828 0x0000000002b48c90 code [0x0000000002b48e20, 0x0000000002b49338]
Event: 8.749 Thread 0x0000000014a66000 nmethod 1768 0x0000000002b58290 code [0x0000000002b58480, 0x0000000002b58f58]
Event: 8.749 Thread 0x0000000014a66000 1827       4       com.android.dx.rop.code.BasicBlockList::forEachInsn (39 bytes)
Event: 8.754 Thread 0x0000000014a66000 nmethod 1827 0x0000000002b54b50 code [0x0000000002b54ca0, 0x0000000002b54f58]
Event: 8.754 Thread 0x0000000014a66000 1735       4       com.android.dx.ssa.back.RegisterAllocator::getDefinitionSpecForSsaReg (22 bytes)

GC Heap History (6 events):
Event: 6.281 GC heap before
{Heap before GC invocations=1 (full 0):
 PSYoungGen      total 38400K, used 33280K [0x00000000eab00000, 0x00000000ed580000, 0x0000000100000000)
  eden space 33280K, 100% used [0x00000000eab00000,0x00000000ecb80000,0x00000000ecb80000)
  from space 5120K, 0% used [0x00000000ed080000,0x00000000ed080000,0x00000000ed580000)
  to   space 5120K, 0% used [0x00000000ecb80000,0x00000000ecb80000,0x00000000ed080000)
 ParOldGen       total 87552K, used 0K [0x00000000c0000000, 0x00000000c5580000, 0x00000000eab00000)
  object space 87552K, 0% used [0x00000000c0000000,0x00000000c0000000,0x00000000c5580000)
 Metaspace       used 6059K, capacity 6898K, committed 7040K, reserved 1056768K
  class space    used 602K, capacity 618K, committed 640K, reserved 1048576K
Event: 6.315 GC heap after
Heap after GC invocations=1 (full 0):
 PSYoungGen      total 38400K, used 5108K [0x00000000eab00000, 0x00000000ed580000, 0x0000000100000000)
  eden space 33280K, 0% used [0x00000000eab00000,0x00000000eab00000,0x00000000ecb80000)
  from space 5120K, 99% used [0x00000000ecb80000,0x00000000ed07d310,0x00000000ed080000)
  to   space 5120K, 0% used [0x00000000ed080000,0x00000000ed080000,0x00000000ed580000)
 ParOldGen       total 87552K, used 942K [0x00000000c0000000, 0x00000000c5580000, 0x00000000eab00000)
  object space 87552K, 1% used [0x00000000c0000000,0x00000000c00eb9a0,0x00000000c5580000)
 Metaspace       used 6059K, capacity 6898K, committed 7040K, reserved 1056768K
  class space    used 602K, capacity 618K, committed 640K, reserved 1048576K
}
Event: 7.254 GC heap before
{Heap before GC invocations=2 (full 0):
 PSYoungGen      total 38400K, used 38388K [0x00000000eab00000, 0x00000000ed580000, 0x0000000100000000)
  eden space 33280K, 100% used [0x00000000eab00000,0x00000000ecb80000,0x00000000ecb80000)
  from space 5120K, 99% used [0x00000000ecb80000,0x00000000ed07d310,0x00000000ed080000)
  to   space 5120K, 0% used [0x00000000ed080000,0x00000000ed080000,0x00000000ed580000)
 ParOldGen       total 87552K, used 942K [0x00000000c0000000, 0x00000000c5580000, 0x00000000eab00000)
  object space 87552K, 1% used [0x00000000c0000000,0x00000000c00eb9a0,0x00000000c5580000)
 Metaspace       used 6260K, capacity 7090K, committed 7296K, reserved 1056768K
  class space    used 604K, capacity 618K, committed 640K, reserved 1048576K
Event: 7.325 GC heap after
Heap after GC invocations=2 (full 0):
 PSYoungGen      total 38400K, used 5110K [0x00000000eab00000, 0x00000000ef600000, 0x0000000100000000)
  eden space 33280K, 0% used [0x00000000eab00000,0x00000000eab00000,0x00000000ecb80000)
  from space 5120K, 99% used [0x00000000ed080000,0x00000000ed57d8f8,0x00000000ed580000)
  to   space 5120K, 0% used [0x00000000ecb80000,0x00000000ecb80000,0x00000000ed080000)
 ParOldGen       total 87552K, used 5521K [0x00000000c0000000, 0x00000000c5580000, 0x00000000eab00000)
  object space 87552K, 6% used [0x00000000c0000000,0x00000000c0564778,0x00000000c5580000)
 Metaspace       used 6260K, capacity 7090K, committed 7296K, reserved 1056768K
  class space    used 604K, capacity 618K, committed 640K, reserved 1048576K
}
Event: 8.238 GC heap before
{Heap before GC invocations=3 (full 0):
 PSYoungGen      total 38400K, used 38390K [0x00000000eab00000, 0x00000000ef600000, 0x0000000100000000)
  eden space 33280K, 100% used [0x00000000eab00000,0x00000000ecb80000,0x00000000ecb80000)
  from space 5120K, 99% used [0x00000000ed080000,0x00000000ed57d8f8,0x00000000ed580000)
  to   space 5120K, 0% used [0x00000000ecb80000,0x00000000ecb80000,0x00000000ed080000)
 ParOldGen       total 87552K, used 5521K [0x00000000c0000000, 0x00000000c5580000, 0x00000000eab00000)
  object space 87552K, 6% used [0x00000000c0000000,0x00000000c0564778,0x00000000c5580000)
 Metaspace       used 6290K, capacity 7090K, committed 7296K, reserved 1056768K
  class space    used 604K, capacity 618K, committed 640K, reserved 1048576K
Event: 8.280 GC heap after
Heap after GC invocations=3 (full 0):
 PSYoungGen      total 38400K, used 5097K [0x00000000eab00000, 0x00000000ef600000, 0x0000000100000000)
  eden space 33280K, 0% used [0x00000000eab00000,0x00000000eab00000,0x00000000ecb80000)
  from space 5120K, 99% used [0x00000000ecb80000,0x00000000ed07a728,0x00000000ed080000)
  to   space 5120K, 0% used [0x00000000ef100000,0x00000000ef100000,0x00000000ef600000)
 ParOldGen       total 87552K, used 10160K [0x00000000c0000000, 0x00000000c5580000, 0x00000000eab00000)
  object space 87552K, 11% used [0x00000000c0000000,0x00000000c09ec120,0x00000000c5580000)
 Metaspace       used 6290K, capacity 7090K, committed 7296K, reserved 1056768K
  class space    used 604K, capacity 618K, committed 640K, reserved 1048576K
}

Deoptimization events (10 events):
Event: 7.478 Thread 0x00000000164e8800 Uncommon trap: reason=unstable_if action=reinterpret pc=0x00000000029cd820 method=com.android.dx.ssa.InterferenceRegisterMapper.interferes(III)Z @ 35
Event: 7.556 Thread 0x000000001648c800 Uncommon trap: reason=null_check action=make_not_entrant pc=0x00000000027d9bb0 method=com.android.dx.ssa.SsaRenamer.getLocalForNewReg(I)Lcom/android/dx/rop/code/LocalItem; @ 19
Event: 7.994 Thread 0x00000000164e8800 Uncommon trap: reason=class_check action=maybe_recompile pc=0x0000000002aa6284 method=com.android.dx.cf.code.BytecodeArray.parseInstruction(ILcom/android/dx/cf/code/BytecodeArray$Visitor;)I @ 1939
Event: 7.994 Thread 0x00000000164e8800 Uncommon trap: reason=class_check action=maybe_recompile pc=0x0000000002aa6284 method=com.android.dx.cf.code.BytecodeArray.parseInstruction(ILcom/android/dx/cf/code/BytecodeArray$Visitor;)I @ 1939
Event: 7.994 Thread 0x00000000164e8800 Uncommon trap: reason=class_check action=maybe_recompile pc=0x0000000002aa6284 method=com.android.dx.cf.code.BytecodeArray.parseInstruction(ILcom/android/dx/cf/code/BytecodeArray$Visitor;)I @ 1939
Event: 7.996 Thread 0x00000000164e8800 Uncommon trap: reason=uninitialized action=reinterpret pc=0x0000000002aa65a8 method=com.android.dx.cf.code.BytecodeArray.parseInstruction(ILcom/android/dx/cf/code/BytecodeArray$Visitor;)I @ 1095
Event: 8.618 Thread 0x0000000016430000 Uncommon trap: reason=unstable_if action=reinterpret pc=0x0000000002ab79b8 method=com.android.dx.cf.code.LocalVariableList$Item.matchesPcAndIndex(II)Z @ 13
Event: 8.642 Thread 0x0000000016430000 Uncommon trap: reason=unstable_if action=reinterpret pc=0x0000000002ad59a4 method=com.android.dx.rop.code.LocalItem.compareHandlesNulls(Lcom/android/dx/rop/cst/CstString;Lcom/android/dx/rop/cst/CstString;)I @ 14
Event: 8.642 Thread 0x0000000016430000 Uncommon trap: reason=unstable_if action=reinterpret pc=0x00000000029ee234 method=com.android.dx.rop.code.LocalItem.compareHandlesNulls(Lcom/android/dx/rop/cst/CstString;Lcom/android/dx/rop/cst/CstString;)I @ 14
Event: 8.643 Thread 0x0000000016430000 Uncommon trap: reason=unstable_if action=reinterpret pc=0x0000000002b1c97c method=com.android.dx.rop.code.LocalItem.compareHandlesNulls(Lcom/android/dx/rop/cst/CstString;Lcom/android/dx/rop/cst/CstString;)I @ 14

Internal exceptions (8 events):
Event: 3.112 Thread 0x00000000020be000 Exception <a 'java/lang/NoSuchMethodError': Method sun.misc.Unsafe.defineClass(Ljava/lang/String;[BII)Ljava/lang/Class; name or signature does not match> (0x00000000eab13080) thrown at [C:\workspace\8-2-build-windows-amd64-cygwin\jdk8u65\4987\hotspot\src\sDцXбе@
Event: 3.112 Thread 0x00000000020be000 Exception <a 'java/lang/NoSuchMethodError': Method sun.misc.Unsafe.prefetchRead(Ljava/lang/Object;J)V name or signature does not match> (0x00000000eab13368) thrown at [C:\workspace\8-2-build-windows-amd64-cygwin\jdk8u65\4987\hotspot\src\share\vm\prims\jni.<Њс#Б@
Event: 5.939 Thread 0x00000000020be000 Implicit null exception at 0x0000000002826da2 to 0x0000000002826e9a
Event: 6.502 Thread 0x000000001648c800 Implicit null exception at 0x00000000027e61f7 to 0x00000000027e6f11
Event: 7.556 Thread 0x000000001648c800 Implicit null exception at 0x00000000027d9061 to 0x00000000027d9b8d
Event: 8.642 Thread 0x0000000016430000 Implicit null exception at 0x0000000002ad406c to 0x0000000002ad5941
Event: 8.642 Thread 0x0000000016430000 Implicit null exception at 0x00000000029ec886 to 0x00000000029ee20d
Event: 8.643 Thread 0x0000000016430000 Implicit null exception at 0x0000000002b1ad95 to 0x0000000002b1c915

Events (10 events):
Event: 8.618 Thread 0x0000000016430000 DEOPT UNPACKING pc=0x00000000023d582a sp=0x00000000169edf58 mode 2
Event: 8.642 Thread 0x0000000016430000 Uncommon trap: trap_request=0xffffff65 fr.pc=0x0000000002ad59a4
Event: 8.642 Thread 0x0000000016430000 DEOPT PACKING pc=0x0000000002ad59a4 sp=0x00000000169ee770
Event: 8.642 Thread 0x0000000016430000 DEOPT UNPACKING pc=0x00000000023d582a sp=0x00000000169ee540 mode 2
Event: 8.642 Thread 0x0000000016430000 Uncommon trap: trap_request=0xffffff65 fr.pc=0x00000000029ee234
Event: 8.642 Thread 0x0000000016430000 DEOPT PACKING pc=0x00000000029ee234 sp=0x00000000169ee5f0
Event: 8.642 Thread 0x0000000016430000 DEOPT UNPACKING pc=0x00000000023d582a sp=0x00000000169ee3e8 mode 2
Event: 8.643 Thread 0x0000000016430000 Uncommon trap: trap_request=0xffffff65 fr.pc=0x0000000002b1c97c
Event: 8.643 Thread 0x0000000016430000 DEOPT PACKING pc=0x0000000002b1c97c sp=0x00000000169ee910
Event: 8.643 Thread 0x0000000016430000 DEOPT UNPACKING pc=0x00000000023d582a sp=0x00000000169ee740 mode 2


Dynamic libraries:
0x00007ff7548c0000 - 0x00007ff7548f7000 	C:\Program Files\Java\jdk1.8.0_65\bin\java.exe
0x00007ffdc0440000 - 0x00007ffdc0601000 	C:\WINDOWS\SYSTEM32\ntdll.dll
0x00007ffdbf120000 - 0x00007ffdbf1cd000 	C:\WINDOWS\system32\KERNEL32.DLL
0x00007ffdbcb70000 - 0x00007ffdbcd58000 	C:\WINDOWS\system32\KERNELBASE.dll
0x00007ffdbd9a0000 - 0x00007ffdbda47000 	C:\WINDOWS\system32\ADVAPI32.dll
0x00007ffdbd8f0000 - 0x00007ffdbd98d000 	C:\WINDOWS\system32\msvcrt.dll
0x00007ffdbd840000 - 0x00007ffdbd89b000 	C:\WINDOWS\system32\sechost.dll
0x00007ffdbf600000 - 0x00007ffdbf71c000 	C:\WINDOWS\system32\RPCRT4.dll
0x00007ffdc02e0000 - 0x00007ffdc0436000 	C:\WINDOWS\system32\USER32.dll
0x00007ffdc0040000 - 0x00007ffdc01c6000 	C:\WINDOWS\system32\GDI32.dll
0x00007ffdb45b0000 - 0x00007ffdb4824000 	C:\WINDOWS\WinSxS\amd64_microsoft.windows.common-controls_6595b64144ccf1df_6.0.10586.0_none_8c15ae12515e1c22\COMCTL32.dll
0x00007ffdbf380000 - 0x00007ffdbf5fd000 	C:\WINDOWS\system32\combase.dll
0x00007ffdbd740000 - 0x00007ffdbd7aa000 	C:\WINDOWS\system32\bcryptPrimitives.dll
0x00007ffdbd8b0000 - 0x00007ffdbd8eb000 	C:\WINDOWS\system32\IMM32.DLL
0x000000005af90000 - 0x000000005b062000 	C:\Program Files\Java\jdk1.8.0_65\jre\bin\msvcr100.dll
0x000000005b210000 - 0x000000005ba99000 	C:\Program Files\Java\jdk1.8.0_65\jre\bin\server\jvm.dll
0x00007ffdbd990000 - 0x00007ffdbd998000 	C:\WINDOWS\system32\PSAPI.DLL
0x00007ffda4e70000 - 0x00007ffda4e79000 	C:\WINDOWS\SYSTEM32\WSOCK32.dll
0x00007ffdbf050000 - 0x00007ffdbf0bb000 	C:\WINDOWS\system32\WS2_32.dll
0x00007ffdbaaf0000 - 0x00007ffdbab13000 	C:\WINDOWS\SYSTEM32\WINMM.dll
0x00007ffdb1470000 - 0x00007ffdb147a000 	C:\WINDOWS\SYSTEM32\VERSION.dll
0x00007ffdbaa90000 - 0x00007ffdbaabc000 	C:\WINDOWS\SYSTEM32\WINMMBASE.dll
0x00007ffdbd630000 - 0x00007ffdbd673000 	C:\WINDOWS\system32\cfgmgr32.dll
0x000000005c790000 - 0x000000005c79f000 	C:\Program Files\Java\jdk1.8.0_65\jre\bin\verify.dll
0x000000005c760000 - 0x000000005c789000 	C:\Program Files\Java\jdk1.8.0_65\jre\bin\java.dll
0x000000005c740000 - 0x000000005c756000 	C:\Program Files\Java\jdk1.8.0_65\jre\bin\zip.dll
0x00007ffdbda50000 - 0x00007ffdbefac000 	C:\WINDOWS\system32\SHELL32.dll
0x00007ffdbcf30000 - 0x00007ffdbd575000 	C:\WINDOWS\system32\windows.storage.dll
0x00007ffdbfed0000 - 0x00007ffdbff22000 	C:\WINDOWS\system32\shlwapi.dll
0x00007ffdbcae0000 - 0x00007ffdbcaef000 	C:\WINDOWS\system32\kernel.appcore.dll
0x00007ffdbd680000 - 0x00007ffdbd735000 	C:\WINDOWS\system32\shcore.dll
0x00007ffdbca80000 - 0x00007ffdbcacb000 	C:\WINDOWS\system32\powrprof.dll
0x00007ffdbca60000 - 0x00007ffdbca74000 	C:\WINDOWS\system32\profapi.dll

VM Arguments:
jvm_args: -Djava.awt.headless=true -Xmx1024M -Dfile.encoding=windows-1255 -Duser.country=US -Duser.language=en -Duser.variant 
java_command: com.android.dx.command.Main --dex --force-jumbo --num-threads=4 --multi-dex --output C:\Users\Dudu\AndroidStudioProjects\StudentsApp2\app\build\intermediates\transforms\dex\debug\folders\1000\10\com.android.support-design-23.2.0_179c6b69292e7eb9e43e8825449ec3deb5d31678 C:\Users\Dudu\AndroidStudioProjects\StudentsApp2\app\build\intermediates\exploded-aar\com.android.support\design\23.2.0\jars\classes.jar
java_class_path (initial): C:\Users\Dudu\AppData\Local\Android\sdk\build-tools\23.0.2\lib\dx.jar
Launcher Type: SUN_STANDARD

Environment Variables:
USERNAME=Dudu
OS=Windows_NT
PROCESSOR_IDENTIFIER=Intel64 Family 6 Model 69 Stepping 1, GenuineIntel



---------------  S Y S T E M  ---------------

OS: Windows 10.0 , 64 bit Build 10586 (10.0.10586.0)

CPU:total 4 (2 cores per cpu, 2 threads per core) family 6 model 69 stepping 1, cmov, cx8, fxsr, mmx, sse, sse2, sse3, ssse3, sse4.1, sse4.2, popcnt, avx, avx2, aes, clmul, erms, lzcnt, ht, tsc, tscinvbit, bmi1, bmi2

Memory: 4k page, physical 8290400k(1677916k free), swap 8290400k(6264k free)

vm_info: Java HotSpot(TM) 64-Bit Server VM (25.65-b01) for windows-amd64 JRE (1.8.0_65-b17), built on Oct  6 2015 16:39:20 by "java_re" with MS VC++ 10.0 (VS2010)

time: Wed Apr 13 19:47:01 2016
elapsed time: 8 seconds (0d 0h 0m 8s)

