#
# There is insufficient memory for the Java Runtime Environment to continue.
# Native memory allocation (malloc) failed to allocate 459920 bytes for Chunk::new
# Possible reasons:
#   The system is out of physical RAM or swap space
#   In 32 bit mode, the process size limit was hit
# Possible solutions:
#   Reduce memory load on the system
#   Increase physical memory or swap space
#   Check if swap backing store is full
#   Use 64 bit Java on a 64 bit OS
#   Decrease Java heap size (-Xmx/-Xms)
#   Decrease number of Java threads
#   Decrease Java thread stack sizes (-Xss)
#   Set larger code cache with -XX:ReservedCodeCacheSize=
# This output file may be truncated or incomplete.
#
#  Out of Memory Error (allocation.cpp:390), pid=4536, tid=12648
#
# JRE version: Java(TM) SE Runtime Environment (8.0_65-b17) (build 1.8.0_65-b17)
# Java VM: Java HotSpot(TM) 64-Bit Server VM (25.65-b01 mixed mode windows-amd64 compressed oops)
# Failed to write core dump. Minidumps are not enabled by default on client versions of Windows
#

---------------  T H R E A D  ---------------

Current thread (0x0000000014a00800):  JavaThread "C2 CompilerThread1" daemon [_thread_in_native, id=12648, stack(0x0000000016100000,0x0000000016200000)]

Stack: [0x0000000016100000,0x0000000016200000]
[error occurred during error reporting (printing stack bounds), id 0xc0000005]

Native frames: (J=compiled Java code, j=interpreted, Vv=VM code, C=native code)


Current CompileTask:
C2:    636  439   !   4       com.android.dx.cf.cst.ConstantPoolParser::parse0 (731 bytes)


---------------  P R O C E S S  ---------------

Java Threads: ( => current thread )
  0x000000001659b800 JavaThread "pool-2-thread-4" [_thread_blocked, id=11812, stack(0x0000000016d00000,0x0000000016e00000)]
  0x00000000164e9000 JavaThread "pool-2-thread-3" [_thread_blocked, id=11996, stack(0x0000000016c00000,0x0000000016d00000)]
  0x000000001650d800 JavaThread "pool-2-thread-2" [_thread_blocked, id=15248, stack(0x0000000016b00000,0x0000000016c00000)]
  0x00000000164a3800 JavaThread "pool-3-thread-1" [_thread_blocked, id=11588, stack(0x0000000016a00000,0x0000000016b00000)]
  0x00000000164a2800 JavaThread "pool-2-thread-1" [_thread_in_vm, id=15104, stack(0x0000000016900000,0x0000000016a00000)]
  0x0000000014a0e800 JavaThread "Service Thread" daemon [_thread_blocked, id=12056, stack(0x0000000016700000,0x0000000016800000)]
  0x0000000014a07000 JavaThread "C1 CompilerThread2" daemon [_thread_in_native, id=11132, stack(0x0000000016200000,0x0000000016300000)]
=>0x0000000014a00800 JavaThread "C2 CompilerThread1" daemon [_thread_in_native, id=12648, stack(0x0000000016100000,0x0000000016200000)]
  0x00000000149fd000 JavaThread "C2 CompilerThread0" daemon [_thread_in_native, id=13416, stack(0x0000000016000000,0x0000000016100000)]
  0x00000000149fa800 JavaThread "Attach Listener" daemon [_thread_blocked, id=9068, stack(0x0000000015f00000,0x0000000016000000)]
  0x00000000149aa000 JavaThread "Signal Dispatcher" daemon [_thread_blocked, id=13960, stack(0x0000000015e00000,0x0000000015f00000)]
  0x00000000022d8000 JavaThread "Finalizer" daemon [_thread_blocked, id=12812, stack(0x0000000015c20000,0x0000000015d20000)]
  0x00000000022ce000 JavaThread "Reference Handler" daemon [_thread_blocked, id=6152, stack(0x0000000015b20000,0x0000000015c20000)]
  0x00000000021de000 JavaThread "main" [_thread_in_Java, id=5672, stack(0x0000000002090000,0x0000000002190000)]

Other Threads:
  0x0000000014978000 VMThread [stack: 0x0000000015a20000,0x0000000015b20000] [id=15172]
  0x00000000163bf000 WatcherThread [stack: 0x0000000016800000,0x0000000016900000] [id=10820]

VM state:not at safepoint (normal execution)

VM Mutex/Monitor currently owned by a thread: None

Heap:
 PSYoungGen      total 38400K, used 14270K [0x00000000eab00000, 0x00000000ed580000, 0x0000000100000000)
  eden space 33280K, 42% used [0x00000000eab00000,0x00000000eb8ef878,0x00000000ecb80000)
  from space 5120K, 0% used [0x00000000ed080000,0x00000000ed080000,0x00000000ed580000)
  to   space 5120K, 0% used [0x00000000ecb80000,0x00000000ecb80000,0x00000000ed080000)
 ParOldGen       total 87552K, used 0K [0x00000000c0000000, 0x00000000c5580000, 0x00000000eab00000)
  object space 87552K, 0% used [0x00000000c0000000,0x00000000c0000000,0x00000000c5580000)
 Metaspace       used 5383K, capacity 6512K, committed 6784K, reserved 1058816K
  class space    used 576K, capacity 616K, committed 640K, reserved 1048576K

Card table byte_map: [0x00000000116a0000,0x00000000118b0000] byte_map_base: 0x00000000110a0000

Marking Bits: (ParMarkBitMap*) 0x000000005ba1a5b0
 Begin Bits: [0x0000000011e10000, 0x0000000012e10000)
 End Bits:   [0x0000000012e10000, 0x0000000013e10000)

Polling page: 0x0000000000920000

CodeCache: size=245760Kb used=2086Kb max_used=2098Kb free=243673Kb
 bounds [0x00000000022e0000, 0x0000000002550000, 0x00000000112e0000]
 total_blobs=743 nmethods=481 adapters=175
 compilation: enabled

Compilation events (10 events):
Event: 0.584 Thread 0x0000000014a07000 nmethod 479 0x00000000024e8ed0 code [0x00000000024e9080, 0x00000000024e9568]
Event: 0.584 Thread 0x0000000014a07000  478       1       com.android.dx.cf.attrib.AttCode::getCatches (5 bytes)
Event: 0.584 Thread 0x0000000014a07000 nmethod 478 0x00000000024e9750 code [0x00000000024e98a0, 0x00000000024e99b0]
Event: 0.584 Thread 0x0000000014a07000  481       3       com.android.dx.cf.code.LineNumberList::get (9 bytes)
Event: 0.584 Thread 0x0000000014a07000 nmethod 481 0x00000000024e9a10 code [0x00000000024e9b80, 0x00000000024e9e68]
Event: 0.584 Thread 0x0000000014a07000  484   !   3       com.android.dx.cf.code.BytecodeArray::parseInstruction (2764 bytes)
Event: 0.592 Thread 0x00000000149fd000 nmethod 480 0x00000000024ed090 code [0x00000000024ed1e0, 0x00000000024ed758]
Event: 0.592 Thread 0x00000000149fd000  486       4       com.android.dx.util.MutabilityControl::throwIfImmutable (18 bytes)
Event: 0.592 Thread 0x00000000149fd000 nmethod 486 0x00000000024ea1d0 code [0x00000000024ea300, 0x00000000024ea378]
Event: 0.592 Thread 0x00000000149fd000  512       4       java.util.ArrayList::add (29 bytes)

GC Heap History (0 events):
No events

Deoptimization events (1 events):
Event: 0.588 Thread 0x00000000164e9000 Uncommon trap: reason=unstable_if action=reinterpret pc=0x00000000024acac0 method=java.util.HashMap.getNode(ILjava/lang/Object;)Ljava/util/HashMap$Node; @ 62

Internal exceptions (2 events):
Event: 0.041 Thread 0x00000000021de000 Exception <a 'java/lang/NoSuchMethodError': Method sun.misc.Unsafe.defineClass(Ljava/lang/String;[BII)Ljava/lang/Class; name or signature does not match> (0x00000000eab13080) thrown at [C:\workspace\8-2-build-windows-amd64-cygwin\jdk8u65\4987\hotspot\src\súµœuØ¥?
Event: 0.041 Thread 0x00000000021de000 Exception <a 'java/lang/NoSuchMethodError': Method sun.misc.Unsafe.prefetchRead(Ljava/lang/Object;J)V name or signature does not match> (0x00000000eab13368) thrown at [C:\workspace\8-2-build-windows-amd64-cygwin\jdk8u65\4987\hotspot\src\share\vm\prims\jni.

Events (10 events):
Event: 0.582 loading class com/android/dx/dex/file/MethodIdItem done
Event: 0.583 loading class com/android/dx/cf/code/SwitchList
Event: 0.583 loading class com/android/dx/cf/code/SwitchList done
Event: 0.588 Thread 0x00000000164e9000 Uncommon trap: trap_request=0xffffff65 fr.pc=0x00000000024acac0
Event: 0.588 Thread 0x00000000164e9000 DEOPT PACKING pc=0x00000000024acac0 sp=0x0000000016cfe8d0
Event: 0.588 Thread 0x00000000164e9000 DEOPT UNPACKING pc=0x000000000232582a sp=0x0000000016cfe848 mode 2
Event: 0.597 Executing VM operation: CollectForMetadataAllocation
Event: 0.597 Executing VM operation: CollectForMetadataAllocation done
Event: 0.598 loading class com/android/dx/ssa/back/FirstFitLocalCombiningAllocator$Multiset
Event: 0.598 loading class com/android/dx/ssa/back/FirstFitLocalCombiningAllocator$Multiset done


Dynamic libraries:
0x00007ff7548c0000 - 0x00007ff7548f7000 	C:\Program Files\Java\jdk1.8.0_65\bin\java.exe
0x00007ffdc0440000 - 0x00007ffdc0601000 	C:\WINDOWS\SYSTEM32\ntdll.dll
0x00007ffdbf120000 - 0x00007ffdbf1cd000 	C:\WINDOWS\system32\KERNEL32.DLL
0x00007ffdbcb70000 - 0x00007ffdbcd58000 	C:\WINDOWS\system32\KERNELBASE.dll
0x00007ffdbd9a0000 - 0x00007ffdbda47000 	C:\WINDOWS\system32\ADVAPI32.dll
0x00007ffdbd8f0000 - 0x00007ffdbd98d000 	C:\WINDOWS\system32\msvcrt.dll
0x00007ffdbd840000 - 0x00007ffdbd89b000 	C:\WINDOWS\system32\sechost.dll
0x00007ffdbf600000 - 0x00007ffdbf71c000 	C:\WINDOWS\system32\RPCRT4.dll
0x00007ffdc02e0000 - 0x00007ffdc0436000 	C:\WINDOWS\system32\USER32.dll
0x00007ffdc0040000 - 0x00007ffdc01c6000 	C:\WINDOWS\system32\GDI32.dll
0x00007ffdb45b0000 - 0x00007ffdb4824000 	C:\WINDOWS\WinSxS\amd64_microsoft.windows.common-controls_6595b64144ccf1df_6.0.10586.0_none_8c15ae12515e1c22\COMCTL32.dll
0x00007ffdbf380000 - 0x00007ffdbf5fd000 	C:\WINDOWS\system32\combase.dll
0x00007ffdbd740000 - 0x00007ffdbd7aa000 	C:\WINDOWS\system32\bcryptPrimitives.dll
0x00007ffdbd8b0000 - 0x00007ffdbd8eb000 	C:\WINDOWS\system32\IMM32.DLL
0x000000005af60000 - 0x000000005b032000 	C:\Program Files\Java\jdk1.8.0_65\jre\bin\msvcr100.dll
0x000000005b210000 - 0x000000005ba99000 	C:\Program Files\Java\jdk1.8.0_65\jre\bin\server\jvm.dll
0x00007ffdbd990000 - 0x00007ffdbd998000 	C:\WINDOWS\system32\PSAPI.DLL
0x00007ffda4e70000 - 0x00007ffda4e79000 	C:\WINDOWS\SYSTEM32\WSOCK32.dll
0x00007ffdbaaf0000 - 0x00007ffdbab13000 	C:\WINDOWS\SYSTEM32\WINMM.dll
0x00007ffdb1470000 - 0x00007ffdb147a000 	C:\WINDOWS\SYSTEM32\VERSION.dll
0x00007ffdbf050000 - 0x00007ffdbf0bb000 	C:\WINDOWS\system32\WS2_32.dll
0x00007ffdbaa90000 - 0x00007ffdbaabc000 	C:\WINDOWS\SYSTEM32\WINMMBASE.dll
0x00007ffdbd630000 - 0x00007ffdbd673000 	C:\WINDOWS\system32\cfgmgr32.dll
0x000000005c790000 - 0x000000005c79f000 	C:\Program Files\Java\jdk1.8.0_65\jre\bin\verify.dll
0x000000005c760000 - 0x000000005c789000 	C:\Program Files\Java\jdk1.8.0_65\jre\bin\java.dll
0x000000005c740000 - 0x000000005c756000 	C:\Program Files\Java\jdk1.8.0_65\jre\bin\zip.dll
0x00007ffdbda50000 - 0x00007ffdbefac000 	C:\WINDOWS\system32\SHELL32.dll
0x00007ffdbcf30000 - 0x00007ffdbd575000 	C:\WINDOWS\system32\windows.storage.dll
0x00007ffdbfed0000 - 0x00007ffdbff22000 	C:\WINDOWS\system32\shlwapi.dll
0x00007ffdbcae0000 - 0x00007ffdbcaef000 	C:\WINDOWS\system32\kernel.appcore.dll
0x00007ffdbd680000 - 0x00007ffdbd735000 	C:\WINDOWS\system32\shcore.dll
0x00007ffdbca80000 - 0x00007ffdbcacb000 	C:\WINDOWS\system32\powrprof.dll
0x00007ffdbca60000 - 0x00007ffdbca74000 	C:\WINDOWS\system32\profapi.dll

VM Arguments:
jvm_args: -Djava.awt.headless=true -Xmx1024M -Dfile.encoding=windows-1255 -Duser.country=US -Duser.language=en -Duser.variant 
java_command: com.android.dx.command.Main --dex --force-jumbo --num-threads=4 --multi-dex --output C:\Users\Dudu\AndroidStudioProjects\StudentsApp2\app\build\intermediates\transforms\dex\debug\folders\1000\5\slice_4 C:\Users\Dudu\AndroidStudioProjects\StudentsApp2\app\build\intermediates\transforms\instantRunSlicer\debug\folders\1\5\slice_4
java_class_path (initial): C:\Users\Dudu\AppData\Local\Android\sdk\build-tools\23.0.2\lib\dx.jar
Launcher Type: SUN_STANDARD

Environment Variables:
USERNAME=Dudu
OS=Windows_NT
PROCESSOR_IDENTIFIER=Intel64 Family 6 Model 69 Stepping 1, GenuineIntel



---------------  S Y S T E M  ---------------

OS: Windows 10.0 , 64 bit Build 10586 (10.0.10586.0)

CPU:total 4 (2 cores per cpu, 2 threads per core) family 6 model 69 stepping 1, cmov, cx8, fxsr, mmx, sse, sse2, sse3, ssse3, sse4.1, sse4.2, popcnt, avx, avx2, aes, clmul, erms, lzcnt, ht, tsc, tscinvbit, bmi1, bmi2

Memory: 4k page, physical 8290400k(1346632k free), swap 8290400k(4108k free)

vm_info: Java HotSpot(TM) 64-Bit Server VM (25.65-b01) for windows-amd64 JRE (1.8.0_65-b17), built on Oct  6 2015 16:39:20 by "java_re" with MS VC++ 10.0 (VS2010)

time: Thu Apr 14 02:12:32 2016
elapsed time: 0 seconds (0d 0h 0m 0s)

